  GraycodePointCloudGenerator.cpp
C:\Users\andre\Documents\GitHub\GraycodeToPLYConverter\GraytoPLY\DataExporter.hpp(95,28): warning C4267: '=': conversion from 'size_t' to 'unsigned long', possible loss of data
C:\Users\andre\Documents\GitHub\GraycodeToPLYConverter\GraytoPLY\DataExporter.hpp(202,37): warning C4018: '<': signed/unsigned mismatch
C:\Users\andre\Documents\GitHub\GraycodeToPLYConverter\GraytoPLY\GraycodePointCloudGenerator.cpp(458,15): warning C4244: 'initializing': conversion from 'int' to 'float', possible loss of data
C:\Users\andre\Documents\GitHub\GraycodeToPLYConverter\GraytoPLY\GraycodePointCloudGenerator.cpp(459,14): warning C4244: 'initializing': conversion from 'int' to 'float', possible loss of data
C:\Users\andre\Documents\GitHub\GraycodeToPLYConverter\GraytoPLY\GraycodePointCloudGenerator.cpp(469,19): warning C4244: '=': conversion from 'double' to 'float', possible loss of data
C:\Users\andre\Documents\GitHub\GraycodeToPLYConverter\GraytoPLY\GraycodePointCloudGenerator.cpp(480,64): warning C4244: 'argument': conversion from '_Tp' to '_Tp', possible loss of data
          with
          [
              _Tp=int
          ]
          and
          [
              _Tp=float
          ]
C:\Users\andre\Documents\GitHub\GraycodeToPLYConverter\GraytoPLY\GraycodePointCloudGenerator.cpp(480,50): warning C4244: 'argument': conversion from '_Tp' to '_Tp', possible loss of data
          with
          [
              _Tp=int
          ]
          and
          [
              _Tp=float
          ]
C:\Users\andre\Documents\GitHub\GraycodeToPLYConverter\GraytoPLY\GraycodePointCloudGenerator.cpp(517,11): warning C4244: 'initializing': conversion from '_Tp' to 'int', possible loss of data
          with
          [
              _Tp=float
          ]
C:\Users\andre\Documents\GitHub\GraycodeToPLYConverter\GraytoPLY\GraycodePointCloudGenerator.cpp(518,11): warning C4244: 'initializing': conversion from '_Tp' to 'int', possible loss of data
          with
          [
              _Tp=float
          ]
C:\Users\andre\Documents\GitHub\GraycodeToPLYConverter\GraytoPLY\GraycodePointCloudGenerator.cpp(519,11): warning C4244: 'initializing': conversion from '_Tp' to 'int', possible loss of data
          with
          [
              _Tp=float
          ]
C:\Users\andre\Documents\GitHub\GraycodeToPLYConverter\GraytoPLY\GraycodePointCloudGenerator.cpp(523,52): warning C4244: '=': conversion from 'double' to '_Tp', possible loss of data
          with
          [
              _Tp=uchar
          ]
C:\Users\andre\Documents\GitHub\GraycodeToPLYConverter\GraytoPLY\GraycodePointCloudGenerator.cpp(542,11): warning C4244: 'initializing': conversion from '_Tp' to 'int', possible loss of data
          with
          [
              _Tp=float
          ]
C:\Users\andre\Documents\GitHub\GraycodeToPLYConverter\GraytoPLY\GraycodePointCloudGenerator.cpp(543,11): warning C4244: 'initializing': conversion from '_Tp' to 'int', possible loss of data
          with
          [
              _Tp=float
          ]
C:\Users\andre\Documents\GitHub\GraycodeToPLYConverter\GraytoPLY\GraycodePointCloudGenerator.cpp(544,11): warning C4244: 'initializing': conversion from '_Tp' to 'int', possible loss of data
          with
          [
              _Tp=float
          ]
C:\Users\andre\Documents\GitHub\GraycodeToPLYConverter\GraytoPLY\GraycodePointCloudGenerator.cpp(548,52): warning C4244: '=': conversion from 'double' to '_Tp', possible loss of data
          with
          [
              _Tp=uchar
          ]
C:\Users\andre\Documents\GitHub\GraycodeToPLYConverter\GraytoPLY\GraycodePointCloudGenerator.cpp(567,32): warning C4305: 'initializing': truncation from 'double' to 'float'
C:\Users\andre\Documents\GitHub\GraycodeToPLYConverter\GraytoPLY\GraycodePointCloudGenerator.cpp(573,12): warning C4244: 'initializing': conversion from 'int' to 'float', possible loss of data
C:\Users\andre\Documents\GitHub\GraycodeToPLYConverter\GraytoPLY\GraycodePointCloudGenerator.cpp(574,12): warning C4244: 'initializing': conversion from 'int' to 'float', possible loss of data
C:\Users\andre\Documents\GitHub\GraycodeToPLYConverter\GraytoPLY\GraycodePointCloudGenerator.cpp(575,23): warning C4244: 'initializing': conversion from 'double' to 'float', possible loss of data
C:\Users\andre\Documents\GitHub\GraycodeToPLYConverter\GraytoPLY\GraycodePointCloudGenerator.cpp(614,11): warning C4244: 'initializing': conversion from '_Tp' to 'int', possible loss of data
          with
          [
              _Tp=float
          ]
C:\Users\andre\Documents\GitHub\GraycodeToPLYConverter\GraytoPLY\GraycodePointCloudGenerator.cpp(615,11): warning C4244: 'initializing': conversion from '_Tp' to 'int', possible loss of data
          with
          [
              _Tp=float
          ]
C:\Users\andre\Documents\GitHub\GraycodeToPLYConverter\GraytoPLY\GraycodePointCloudGenerator.cpp(645,32): warning C4305: 'initializing': truncation from 'double' to 'float'
C:\Users\andre\Documents\GitHub\GraycodeToPLYConverter\GraytoPLY\GraycodePointCloudGenerator.cpp(652,12): warning C4244: 'initializing': conversion from 'int' to 'float', possible loss of data
C:\Users\andre\Documents\GitHub\GraycodeToPLYConverter\GraytoPLY\GraycodePointCloudGenerator.cpp(653,12): warning C4244: 'initializing': conversion from 'int' to 'float', possible loss of data
C:\Users\andre\Documents\GitHub\GraycodeToPLYConverter\GraytoPLY\GraycodePointCloudGenerator.cpp(654,23): warning C4244: 'initializing': conversion from 'double' to 'float', possible loss of data
C:\Users\andre\Documents\GitHub\GraycodeToPLYConverter\GraytoPLY\GraycodePointCloudGenerator.cpp(729,64): warning C4244: 'argument': conversion from '_Tp' to '_Tp', possible loss of data
          with
          [
              _Tp=int
          ]
          and
          [
              _Tp=float
          ]
C:\Users\andre\Documents\GitHub\GraycodeToPLYConverter\GraytoPLY\GraycodePointCloudGenerator.cpp(729,50): warning C4244: 'argument': conversion from '_Tp' to '_Tp', possible loss of data
          with
          [
              _Tp=int
          ]
          and
          [
              _Tp=float
          ]
C:\Users\andre\Documents\GitHub\GraycodeToPLYConverter\GraytoPLY\GraycodePointCloudGenerator.cpp(780,11): warning C4244: 'initializing': conversion from '_Tp' to 'int', possible loss of data
          with
          [
              _Tp=float
          ]
C:\Users\andre\Documents\GitHub\GraycodeToPLYConverter\GraytoPLY\GraycodePointCloudGenerator.cpp(781,11): warning C4244: 'initializing': conversion from '_Tp' to 'int', possible loss of data
          with
          [
              _Tp=float
          ]
C:\Users\andre\Documents\GitHub\GraycodeToPLYConverter\GraytoPLY\GraycodePointCloudGenerator.cpp(675,11): warning C4101: 'repError1': unreferenced local variable
  GraytoPLY.vcxproj -> C:\Users\andre\Documents\GitHub\GraycodeToPLYConverter\GraytoPLY\x64\Debug\GraytoPLY.exe
